2025-04-16 22:37:27.319 INFO  admin    714  [restartedMain] com.fds.flex.core.admin.PortalAdminApplication - Starting PortalAdminApplication using Java 21.0.2 with PID 7604 (D:\Work\Projects\java\springboot\portal\portal32\target\classes started by trungnt in D:\Work\Projects\java\springboot\portal\portal32)
2025-04-16 22:37:27.324 DEBUG admin    719  [restartedMain] com.fds.flex.core.admin.PortalAdminApplication - Running with Spring Boot v3.2.5, Spring v6.1.6
2025-04-16 22:37:27.326 INFO  admin    721  [restartedMain] com.fds.flex.core.admin.PortalAdminApplication - The following 1 profile is active: "admin"
2025-04-16 22:37:27.388 INFO  admin    783  [restartedMain] org.springframework.boot.devtools.env.DevToolsPropertyDefaultsPostProcessor - Devtools property defaults active! Set 'spring.devtools.add-properties' to 'false' to disable
2025-04-16 22:37:27.388 INFO  admin    783  [restartedMain] org.springframework.boot.devtools.env.DevToolsPropertyDefaultsPostProcessor - For additional web related logging consider setting the 'logging.level.web' property to 'DEBUG'
2025-04-16 22:37:28.088 INFO  admin    1483 [restartedMain] org.springframework.data.repository.config.RepositoryConfigurationDelegate - Multiple Spring Data modules found, entering strict repository configuration mode
2025-04-16 22:37:28.091 INFO  admin    1486 [restartedMain] org.springframework.data.repository.config.RepositoryConfigurationDelegate - Bootstrapping Spring Data Redis repositories in DEFAULT mode.
2025-04-16 22:37:28.119 INFO  admin    1514 [restartedMain] org.springframework.data.repository.config.RepositoryConfigurationDelegate - Finished Spring Data repository scanning in 10 ms. Found 0 Redis repository interfaces.
2025-04-16 22:37:28.293 INFO  admin    1688 [restartedMain] org.springframework.cloud.context.scope.GenericScope - BeanFactory id=2fe4615d-2293-3372-b266-a5aa3c8c8768
2025-04-16 22:37:29.968 INFO  admin    3363 [restartedMain] org.springframework.cloud.gateway.route.RouteDefinitionRouteLocator - Loaded RoutePredicateFactory [After]
2025-04-16 22:37:29.968 INFO  admin    3363 [restartedMain] org.springframework.cloud.gateway.route.RouteDefinitionRouteLocator - Loaded RoutePredicateFactory [Before]
2025-04-16 22:37:29.968 INFO  admin    3363 [restartedMain] org.springframework.cloud.gateway.route.RouteDefinitionRouteLocator - Loaded RoutePredicateFactory [Between]
2025-04-16 22:37:29.968 INFO  admin    3363 [restartedMain] org.springframework.cloud.gateway.route.RouteDefinitionRouteLocator - Loaded RoutePredicateFactory [Cookie]
2025-04-16 22:37:29.968 INFO  admin    3363 [restartedMain] org.springframework.cloud.gateway.route.RouteDefinitionRouteLocator - Loaded RoutePredicateFactory [Header]
2025-04-16 22:37:29.968 INFO  admin    3363 [restartedMain] org.springframework.cloud.gateway.route.RouteDefinitionRouteLocator - Loaded RoutePredicateFactory [Host]
2025-04-16 22:37:29.968 INFO  admin    3363 [restartedMain] org.springframework.cloud.gateway.route.RouteDefinitionRouteLocator - Loaded RoutePredicateFactory [Method]
2025-04-16 22:37:29.968 INFO  admin    3363 [restartedMain] org.springframework.cloud.gateway.route.RouteDefinitionRouteLocator - Loaded RoutePredicateFactory [Path]
2025-04-16 22:37:29.968 INFO  admin    3363 [restartedMain] org.springframework.cloud.gateway.route.RouteDefinitionRouteLocator - Loaded RoutePredicateFactory [Query]
2025-04-16 22:37:29.968 INFO  admin    3363 [restartedMain] org.springframework.cloud.gateway.route.RouteDefinitionRouteLocator - Loaded RoutePredicateFactory [ReadBody]
2025-04-16 22:37:29.968 INFO  admin    3363 [restartedMain] org.springframework.cloud.gateway.route.RouteDefinitionRouteLocator - Loaded RoutePredicateFactory [RemoteAddr]
2025-04-16 22:37:29.968 INFO  admin    3363 [restartedMain] org.springframework.cloud.gateway.route.RouteDefinitionRouteLocator - Loaded RoutePredicateFactory [XForwardedRemoteAddr]
2025-04-16 22:37:29.968 INFO  admin    3363 [restartedMain] org.springframework.cloud.gateway.route.RouteDefinitionRouteLocator - Loaded RoutePredicateFactory [Weight]
2025-04-16 22:37:29.968 INFO  admin    3363 [restartedMain] org.springframework.cloud.gateway.route.RouteDefinitionRouteLocator - Loaded RoutePredicateFactory [CloudFoundryRouteService]
2025-04-16 22:37:30.171 INFO  admin    3566 [restartedMain] org.springframework.boot.autoconfigure.security.reactive.ReactiveUserDetailsServiceAutoConfiguration - 

Using generated security password: 41c067d2-0fd2-4ac6-b149-045bbbb61bde

2025-04-16 22:37:30.706 WARN  admin    4101 [restartedMain] org.springframework.boot.devtools.autoconfigure.OptionalLiveReloadServer - Unable to start LiveReload server
2025-04-16 22:37:30.853 INFO  admin    4248 [restartedMain] org.springframework.boot.web.embedded.netty.NettyWebServer - Netty started on port 8080
2025-04-16 22:37:30.883 INFO  admin    4278 [restartedMain] com.fds.flex.core.admin.PortalAdminApplication - Started PortalAdminApplication in 4.043 seconds (process running for 4.43)
2025-04-16 23:21:20.120 INFO  admin    717  [restartedMain] com.fds.flex.app.admin.Application - Starting Application using Java 21.0.2 with PID 6776 (D:\Work\Projects\java\springboot\portal\portal32\target\classes started by trungnt in D:\Work\Projects\java\springboot\portal\portal32)
2025-04-16 23:21:20.124 DEBUG admin    721  [restartedMain] com.fds.flex.app.admin.Application - Running with Spring Boot v3.2.5, Spring v6.1.6
2025-04-16 23:21:20.124 INFO  admin    721  [restartedMain] com.fds.flex.app.admin.Application - The following 1 profile is active: "admin"
2025-04-16 23:21:20.190 INFO  admin    787  [restartedMain] org.springframework.boot.devtools.env.DevToolsPropertyDefaultsPostProcessor - Devtools property defaults active! Set 'spring.devtools.add-properties' to 'false' to disable
2025-04-16 23:21:20.200 INFO  admin    797  [restartedMain] org.springframework.boot.devtools.env.DevToolsPropertyDefaultsPostProcessor - For additional web related logging consider setting the 'logging.level.web' property to 'DEBUG'
2025-04-16 23:21:20.960 INFO  admin    1557 [restartedMain] org.springframework.data.repository.config.RepositoryConfigurationDelegate - Multiple Spring Data modules found, entering strict repository configuration mode
2025-04-16 23:21:20.960 INFO  admin    1557 [restartedMain] org.springframework.data.repository.config.RepositoryConfigurationDelegate - Bootstrapping Spring Data Redis repositories in DEFAULT mode.
2025-04-16 23:21:20.980 INFO  admin    1577 [restartedMain] org.springframework.data.repository.config.RepositoryConfigurationDelegate - Finished Spring Data repository scanning in 7 ms. Found 0 Redis repository interfaces.
2025-04-16 23:21:21.245 INFO  admin    1842 [restartedMain] org.springframework.cloud.context.scope.GenericScope - BeanFactory id=d9151f36-a061-3b97-9272-e6dc7995ae93
2025-04-16 23:21:21.664 INFO  admin    2261 [restartedMain] com.fds.flex.core.portal.config.ApplicationPropertyConfig - key=server.port, value=8080, origin=8080
2025-04-16 23:21:21.670 INFO  admin    2267 [restartedMain] com.fds.flex.core.portal.config.ApplicationPropertyConfig - key=spring.application.name, value=admin, origin=admin
2025-04-16 23:21:21.679 ERROR admin    2276 [restartedMain] com.fds.flex.core.portal.config.DisplayConfig - \
2025-04-16 23:21:21.687 WARN  admin    2284 [restartedMain] org.springframework.boot.web.reactive.context.AnnotationConfigReactiveWebServerApplicationContext - Exception encountered during context initialization - cancelling refresh attempt: org.springframework.beans.factory.BeanCreationException: Error creating bean with name 'deploymentConfig': Injection of autowired dependencies failed
2025-04-16 23:21:21.710 INFO  admin    2307 [restartedMain] org.springframework.boot.autoconfigure.logging.ConditionEvaluationReportLogger - 

Error starting ApplicationContext. To display the condition evaluation report re-run your application with 'debug' enabled.
2025-04-16 23:21:21.750 ERROR admin    2347 [restartedMain] org.springframework.boot.SpringApplication - Application run failed
org.springframework.beans.factory.BeanCreationException: Error creating bean with name 'deploymentConfig': Injection of autowired dependencies failed
	at org.springframework.beans.factory.annotation.AutowiredAnnotationBeanPostProcessor.postProcessProperties(AutowiredAnnotationBeanPostProcessor.java:514)
	at org.springframework.beans.factory.support.AbstractAutowireCapableBeanFactory.populateBean(AbstractAutowireCapableBeanFactory.java:1419)
	at org.springframework.beans.factory.support.AbstractAutowireCapableBeanFactory.doCreateBean(AbstractAutowireCapableBeanFactory.java:599)
	at org.springframework.beans.factory.support.AbstractAutowireCapableBeanFactory.createBean(AbstractAutowireCapableBeanFactory.java:522)
	at org.springframework.beans.factory.support.AbstractBeanFactory.lambda$doGetBean$0(AbstractBeanFactory.java:326)
	at org.springframework.beans.factory.support.DefaultSingletonBeanRegistry.getSingleton(DefaultSingletonBeanRegistry.java:234)
	at org.springframework.beans.factory.support.AbstractBeanFactory.doGetBean(AbstractBeanFactory.java:324)
	at org.springframework.beans.factory.support.AbstractBeanFactory.getBean(AbstractBeanFactory.java:200)
	at org.springframework.beans.factory.support.DefaultListableBeanFactory.preInstantiateSingletons(DefaultListableBeanFactory.java:975)
	at org.springframework.context.support.AbstractApplicationContext.finishBeanFactoryInitialization(AbstractApplicationContext.java:962)
	at org.springframework.context.support.AbstractApplicationContext.refresh(AbstractApplicationContext.java:624)
	at org.springframework.boot.web.reactive.context.ReactiveWebServerApplicationContext.refresh(ReactiveWebServerApplicationContext.java:66)
	at org.springframework.boot.SpringApplication.refresh(SpringApplication.java:754)
	at org.springframework.boot.SpringApplication.refreshContext(SpringApplication.java:456)
	at org.springframework.boot.SpringApplication.run(SpringApplication.java:334)
	at com.fds.flex.app.admin.Application.main(Application.java:19)
	at java.base/jdk.internal.reflect.DirectMethodHandleAccessor.invoke(DirectMethodHandleAccessor.java:103)
	at java.base/java.lang.reflect.Method.invoke(Method.java:580)
	at org.springframework.boot.devtools.restart.RestartLauncher.run(RestartLauncher.java:50)
Caused by: java.lang.IllegalArgumentException: Could not resolve placeholder 'flexcore.portal.deploy.location' in value "${flexcore.portal.deploy.location}"
	at org.springframework.util.PropertyPlaceholderHelper.parseStringValue(PropertyPlaceholderHelper.java:180)
	at org.springframework.util.PropertyPlaceholderHelper.replacePlaceholders(PropertyPlaceholderHelper.java:126)
	at org.springframework.core.env.AbstractPropertyResolver.doResolvePlaceholders(AbstractPropertyResolver.java:239)
	at org.springframework.core.env.AbstractPropertyResolver.resolveRequiredPlaceholders(AbstractPropertyResolver.java:210)
	at org.springframework.context.support.PropertySourcesPlaceholderConfigurer.lambda$processProperties$0(PropertySourcesPlaceholderConfigurer.java:200)
	at org.springframework.beans.factory.support.AbstractBeanFactory.resolveEmbeddedValue(AbstractBeanFactory.java:953)
	at org.springframework.beans.factory.support.DefaultListableBeanFactory.doResolveDependency(DefaultListableBeanFactory.java:1374)
	at org.springframework.beans.factory.support.DefaultListableBeanFactory.resolveDependency(DefaultListableBeanFactory.java:1353)
	at org.springframework.beans.factory.annotation.AutowiredAnnotationBeanPostProcessor$AutowiredFieldElement.resolveFieldValue(AutowiredAnnotationBeanPostProcessor.java:784)
	at org.springframework.beans.factory.annotation.AutowiredAnnotationBeanPostProcessor$AutowiredFieldElement.inject(AutowiredAnnotationBeanPostProcessor.java:767)
	at org.springframework.beans.factory.annotation.InjectionMetadata.inject(InjectionMetadata.java:145)
	at org.springframework.beans.factory.annotation.AutowiredAnnotationBeanPostProcessor.postProcessProperties(AutowiredAnnotationBeanPostProcessor.java:508)
	... 18 common frames omitted
2025-04-16 23:21:42.334 INFO  admin    721  [restartedMain] com.fds.flex.app.admin.Application - Starting Application using Java 21.0.2 with PID 19064 (D:\Work\Projects\java\springboot\portal\portal32\target\classes started by trungnt in D:\Work\Projects\java\springboot\portal\portal32)
2025-04-16 23:21:42.338 DEBUG admin    725  [restartedMain] com.fds.flex.app.admin.Application - Running with Spring Boot v3.2.5, Spring v6.1.6
2025-04-16 23:21:42.340 INFO  admin    727  [restartedMain] com.fds.flex.app.admin.Application - The following 1 profile is active: "admin"
2025-04-16 23:21:42.414 INFO  admin    801  [restartedMain] org.springframework.boot.devtools.env.DevToolsPropertyDefaultsPostProcessor - Devtools property defaults active! Set 'spring.devtools.add-properties' to 'false' to disable
2025-04-16 23:21:42.415 INFO  admin    802  [restartedMain] org.springframework.boot.devtools.env.DevToolsPropertyDefaultsPostProcessor - For additional web related logging consider setting the 'logging.level.web' property to 'DEBUG'
2025-04-16 23:21:43.168 INFO  admin    1555 [restartedMain] org.springframework.data.repository.config.RepositoryConfigurationDelegate - Multiple Spring Data modules found, entering strict repository configuration mode
2025-04-16 23:21:43.170 INFO  admin    1557 [restartedMain] org.springframework.data.repository.config.RepositoryConfigurationDelegate - Bootstrapping Spring Data Redis repositories in DEFAULT mode.
2025-04-16 23:21:43.188 INFO  admin    1575 [restartedMain] org.springframework.data.repository.config.RepositoryConfigurationDelegate - Finished Spring Data repository scanning in 8 ms. Found 0 Redis repository interfaces.
2025-04-16 23:21:43.456 INFO  admin    1843 [restartedMain] org.springframework.cloud.context.scope.GenericScope - BeanFactory id=d9151f36-a061-3b97-9272-e6dc7995ae93
2025-04-16 23:21:43.915 INFO  admin    2302 [restartedMain] com.fds.flex.core.portal.config.ApplicationPropertyConfig - key=server.port, value=8080, origin=8080
2025-04-16 23:21:43.917 INFO  admin    2304 [restartedMain] com.fds.flex.core.portal.config.ApplicationPropertyConfig - key=spring.application.name, value=admin, origin=admin
2025-04-16 23:21:43.923 ERROR admin    2310 [restartedMain] com.fds.flex.core.portal.config.DisplayConfig - \
2025-04-16 23:21:43.929 WARN  admin    2316 [restartedMain] org.springframework.boot.web.reactive.context.AnnotationConfigReactiveWebServerApplicationContext - Exception encountered during context initialization - cancelling refresh attempt: org.springframework.beans.factory.BeanCreationException: Error creating bean with name 'deploymentConfig': Injection of autowired dependencies failed
2025-04-16 23:21:43.947 INFO  admin    2334 [restartedMain] org.springframework.boot.autoconfigure.logging.ConditionEvaluationReportLogger - 

Error starting ApplicationContext. To display the condition evaluation report re-run your application with 'debug' enabled.
2025-04-16 23:21:43.980 ERROR admin    2367 [restartedMain] org.springframework.boot.SpringApplication - Application run failed
org.springframework.beans.factory.BeanCreationException: Error creating bean with name 'deploymentConfig': Injection of autowired dependencies failed
	at org.springframework.beans.factory.annotation.AutowiredAnnotationBeanPostProcessor.postProcessProperties(AutowiredAnnotationBeanPostProcessor.java:514)
	at org.springframework.beans.factory.support.AbstractAutowireCapableBeanFactory.populateBean(AbstractAutowireCapableBeanFactory.java:1419)
	at org.springframework.beans.factory.support.AbstractAutowireCapableBeanFactory.doCreateBean(AbstractAutowireCapableBeanFactory.java:599)
	at org.springframework.beans.factory.support.AbstractAutowireCapableBeanFactory.createBean(AbstractAutowireCapableBeanFactory.java:522)
	at org.springframework.beans.factory.support.AbstractBeanFactory.lambda$doGetBean$0(AbstractBeanFactory.java:326)
	at org.springframework.beans.factory.support.DefaultSingletonBeanRegistry.getSingleton(DefaultSingletonBeanRegistry.java:234)
	at org.springframework.beans.factory.support.AbstractBeanFactory.doGetBean(AbstractBeanFactory.java:324)
	at org.springframework.beans.factory.support.AbstractBeanFactory.getBean(AbstractBeanFactory.java:200)
	at org.springframework.beans.factory.support.DefaultListableBeanFactory.preInstantiateSingletons(DefaultListableBeanFactory.java:975)
	at org.springframework.context.support.AbstractApplicationContext.finishBeanFactoryInitialization(AbstractApplicationContext.java:962)
	at org.springframework.context.support.AbstractApplicationContext.refresh(AbstractApplicationContext.java:624)
	at org.springframework.boot.web.reactive.context.ReactiveWebServerApplicationContext.refresh(ReactiveWebServerApplicationContext.java:66)
	at org.springframework.boot.SpringApplication.refresh(SpringApplication.java:754)
	at org.springframework.boot.SpringApplication.refreshContext(SpringApplication.java:456)
	at org.springframework.boot.SpringApplication.run(SpringApplication.java:334)
	at com.fds.flex.app.admin.Application.main(Application.java:19)
	at java.base/jdk.internal.reflect.DirectMethodHandleAccessor.invoke(DirectMethodHandleAccessor.java:103)
	at java.base/java.lang.reflect.Method.invoke(Method.java:580)
	at org.springframework.boot.devtools.restart.RestartLauncher.run(RestartLauncher.java:50)
Caused by: java.lang.IllegalArgumentException: Could not resolve placeholder 'flexcore.portal.deploy.location' in value "${flexcore.portal.deploy.location}"
	at org.springframework.util.PropertyPlaceholderHelper.parseStringValue(PropertyPlaceholderHelper.java:180)
	at org.springframework.util.PropertyPlaceholderHelper.replacePlaceholders(PropertyPlaceholderHelper.java:126)
	at org.springframework.core.env.AbstractPropertyResolver.doResolvePlaceholders(AbstractPropertyResolver.java:239)
	at org.springframework.core.env.AbstractPropertyResolver.resolveRequiredPlaceholders(AbstractPropertyResolver.java:210)
	at org.springframework.context.support.PropertySourcesPlaceholderConfigurer.lambda$processProperties$0(PropertySourcesPlaceholderConfigurer.java:200)
	at org.springframework.beans.factory.support.AbstractBeanFactory.resolveEmbeddedValue(AbstractBeanFactory.java:953)
	at org.springframework.beans.factory.support.DefaultListableBeanFactory.doResolveDependency(DefaultListableBeanFactory.java:1374)
	at org.springframework.beans.factory.support.DefaultListableBeanFactory.resolveDependency(DefaultListableBeanFactory.java:1353)
	at org.springframework.beans.factory.annotation.AutowiredAnnotationBeanPostProcessor$AutowiredFieldElement.resolveFieldValue(AutowiredAnnotationBeanPostProcessor.java:784)
	at org.springframework.beans.factory.annotation.AutowiredAnnotationBeanPostProcessor$AutowiredFieldElement.inject(AutowiredAnnotationBeanPostProcessor.java:767)
	at org.springframework.beans.factory.annotation.InjectionMetadata.inject(InjectionMetadata.java:145)
	at org.springframework.beans.factory.annotation.AutowiredAnnotationBeanPostProcessor.postProcessProperties(AutowiredAnnotationBeanPostProcessor.java:508)
	... 18 common frames omitted
2025-04-16 23:22:50.509 INFO  admin    770  [restartedMain] com.fds.flex.app.admin.Application - Starting Application using Java 21.0.2 with PID 21796 (D:\Work\Projects\java\springboot\portal\portal32\target\classes started by trungnt in D:\Work\Projects\java\springboot\portal\portal32)
2025-04-16 23:22:50.512 DEBUG admin    773  [restartedMain] com.fds.flex.app.admin.Application - Running with Spring Boot v3.2.5, Spring v6.1.6
2025-04-16 23:22:50.512 INFO  admin    773  [restartedMain] com.fds.flex.app.admin.Application - The following 1 profile is active: "admin"
2025-04-16 23:22:50.606 INFO  admin    867  [restartedMain] org.springframework.boot.devtools.env.DevToolsPropertyDefaultsPostProcessor - Devtools property defaults active! Set 'spring.devtools.add-properties' to 'false' to disable
2025-04-16 23:22:50.607 INFO  admin    868  [restartedMain] org.springframework.boot.devtools.env.DevToolsPropertyDefaultsPostProcessor - For additional web related logging consider setting the 'logging.level.web' property to 'DEBUG'
2025-04-16 23:22:51.405 INFO  admin    1666 [restartedMain] org.springframework.data.repository.config.RepositoryConfigurationDelegate - Multiple Spring Data modules found, entering strict repository configuration mode
2025-04-16 23:22:51.407 INFO  admin    1668 [restartedMain] org.springframework.data.repository.config.RepositoryConfigurationDelegate - Bootstrapping Spring Data Redis repositories in DEFAULT mode.
2025-04-16 23:22:51.432 INFO  admin    1693 [restartedMain] org.springframework.data.repository.config.RepositoryConfigurationDelegate - Finished Spring Data repository scanning in 10 ms. Found 0 Redis repository interfaces.
2025-04-16 23:22:51.625 INFO  admin    1886 [restartedMain] org.springframework.cloud.context.scope.GenericScope - BeanFactory id=e844c084-6a87-3d01-a88d-8f5ecafc2084
2025-04-16 23:22:53.230 INFO  admin    3491 [restartedMain] org.springframework.cloud.gateway.route.RouteDefinitionRouteLocator - Loaded RoutePredicateFactory [After]
2025-04-16 23:22:53.230 INFO  admin    3491 [restartedMain] org.springframework.cloud.gateway.route.RouteDefinitionRouteLocator - Loaded RoutePredicateFactory [Before]
2025-04-16 23:22:53.230 INFO  admin    3491 [restartedMain] org.springframework.cloud.gateway.route.RouteDefinitionRouteLocator - Loaded RoutePredicateFactory [Between]
2025-04-16 23:22:53.230 INFO  admin    3491 [restartedMain] org.springframework.cloud.gateway.route.RouteDefinitionRouteLocator - Loaded RoutePredicateFactory [Cookie]
2025-04-16 23:22:53.230 INFO  admin    3491 [restartedMain] org.springframework.cloud.gateway.route.RouteDefinitionRouteLocator - Loaded RoutePredicateFactory [Header]
2025-04-16 23:22:53.230 INFO  admin    3491 [restartedMain] org.springframework.cloud.gateway.route.RouteDefinitionRouteLocator - Loaded RoutePredicateFactory [Host]
2025-04-16 23:22:53.230 INFO  admin    3491 [restartedMain] org.springframework.cloud.gateway.route.RouteDefinitionRouteLocator - Loaded RoutePredicateFactory [Method]
2025-04-16 23:22:53.230 INFO  admin    3491 [restartedMain] org.springframework.cloud.gateway.route.RouteDefinitionRouteLocator - Loaded RoutePredicateFactory [Path]
2025-04-16 23:22:53.230 INFO  admin    3491 [restartedMain] org.springframework.cloud.gateway.route.RouteDefinitionRouteLocator - Loaded RoutePredicateFactory [Query]
2025-04-16 23:22:53.230 INFO  admin    3491 [restartedMain] org.springframework.cloud.gateway.route.RouteDefinitionRouteLocator - Loaded RoutePredicateFactory [ReadBody]
2025-04-16 23:22:53.230 INFO  admin    3491 [restartedMain] org.springframework.cloud.gateway.route.RouteDefinitionRouteLocator - Loaded RoutePredicateFactory [RemoteAddr]
2025-04-16 23:22:53.230 INFO  admin    3491 [restartedMain] org.springframework.cloud.gateway.route.RouteDefinitionRouteLocator - Loaded RoutePredicateFactory [XForwardedRemoteAddr]
2025-04-16 23:22:53.230 INFO  admin    3491 [restartedMain] org.springframework.cloud.gateway.route.RouteDefinitionRouteLocator - Loaded RoutePredicateFactory [Weight]
2025-04-16 23:22:53.230 INFO  admin    3491 [restartedMain] org.springframework.cloud.gateway.route.RouteDefinitionRouteLocator - Loaded RoutePredicateFactory [CloudFoundryRouteService]
2025-04-16 23:22:53.430 INFO  admin    3691 [restartedMain] org.springframework.boot.autoconfigure.security.reactive.ReactiveUserDetailsServiceAutoConfiguration - 

Using generated security password: 194c2cda-f30c-4f66-bfe5-772c5fc1ecd6

2025-04-16 23:22:53.903 WARN  admin    4164 [restartedMain] org.springframework.boot.devtools.autoconfigure.OptionalLiveReloadServer - Unable to start LiveReload server
2025-04-16 23:22:54.104 INFO  admin    4365 [restartedMain] org.springframework.boot.web.embedded.netty.NettyWebServer - Netty started on port 8080
2025-04-16 23:22:54.140 INFO  admin    4401 [restartedMain] com.fds.flex.app.admin.Application - Started Application in 4.149 seconds (process running for 4.556)
2025-04-16 23:23:49.700 INFO  admin    59961 [File Watcher] org.springframework.boot.devtools.autoconfigure.LocalDevToolsAutoConfiguration$RestartingClassPathChangeChangedEventListener - Restarting due to 1 class path change (0 additions, 1 deletion, 0 modifications)
2025-04-16 23:23:49.799 INFO  admin    60060 [restartedMain] com.fds.flex.app.admin.Application - Starting Application using Java 21.0.2 with PID 21796 (D:\Work\Projects\java\springboot\portal\portal32\target\classes started by trungnt in D:\Work\Projects\java\springboot\portal\portal32)
2025-04-16 23:23:49.800 DEBUG admin    60061 [restartedMain] com.fds.flex.app.admin.Application - Running with Spring Boot v3.2.5, Spring v6.1.6
2025-04-16 23:23:49.801 INFO  admin    60062 [restartedMain] com.fds.flex.app.admin.Application - The following 1 profile is active: "admin"
2025-04-16 23:23:49.940 INFO  admin    60201 [restartedMain] org.springframework.data.repository.config.RepositoryConfigurationDelegate - Multiple Spring Data modules found, entering strict repository configuration mode
2025-04-16 23:23:49.940 INFO  admin    60201 [restartedMain] org.springframework.data.repository.config.RepositoryConfigurationDelegate - Bootstrapping Spring Data Redis repositories in DEFAULT mode.
2025-04-16 23:23:49.940 INFO  admin    60201 [restartedMain] org.springframework.data.repository.config.RepositoryConfigurationDelegate - Finished Spring Data repository scanning in 1 ms. Found 0 Redis repository interfaces.
2025-04-16 23:23:49.980 INFO  admin    60241 [restartedMain] org.springframework.cloud.context.scope.GenericScope - BeanFactory id=e844c084-6a87-3d01-a88d-8f5ecafc2084
2025-04-16 23:23:50.130 INFO  admin    60391 [restartedMain] org.springframework.cloud.gateway.route.RouteDefinitionRouteLocator - Loaded RoutePredicateFactory [After]
2025-04-16 23:23:50.130 INFO  admin    60391 [restartedMain] org.springframework.cloud.gateway.route.RouteDefinitionRouteLocator - Loaded RoutePredicateFactory [Before]
2025-04-16 23:23:50.130 INFO  admin    60391 [restartedMain] org.springframework.cloud.gateway.route.RouteDefinitionRouteLocator - Loaded RoutePredicateFactory [Between]
2025-04-16 23:23:50.130 INFO  admin    60391 [restartedMain] org.springframework.cloud.gateway.route.RouteDefinitionRouteLocator - Loaded RoutePredicateFactory [Cookie]
2025-04-16 23:23:50.130 INFO  admin    60391 [restartedMain] org.springframework.cloud.gateway.route.RouteDefinitionRouteLocator - Loaded RoutePredicateFactory [Header]
2025-04-16 23:23:50.130 INFO  admin    60391 [restartedMain] org.springframework.cloud.gateway.route.RouteDefinitionRouteLocator - Loaded RoutePredicateFactory [Host]
2025-04-16 23:23:50.130 INFO  admin    60391 [restartedMain] org.springframework.cloud.gateway.route.RouteDefinitionRouteLocator - Loaded RoutePredicateFactory [Method]
2025-04-16 23:23:50.130 INFO  admin    60391 [restartedMain] org.springframework.cloud.gateway.route.RouteDefinitionRouteLocator - Loaded RoutePredicateFactory [Path]
2025-04-16 23:23:50.130 INFO  admin    60391 [restartedMain] org.springframework.cloud.gateway.route.RouteDefinitionRouteLocator - Loaded RoutePredicateFactory [Query]
2025-04-16 23:23:50.130 INFO  admin    60391 [restartedMain] org.springframework.cloud.gateway.route.RouteDefinitionRouteLocator - Loaded RoutePredicateFactory [ReadBody]
2025-04-16 23:23:50.130 INFO  admin    60391 [restartedMain] org.springframework.cloud.gateway.route.RouteDefinitionRouteLocator - Loaded RoutePredicateFactory [RemoteAddr]
2025-04-16 23:23:50.130 INFO  admin    60391 [restartedMain] org.springframework.cloud.gateway.route.RouteDefinitionRouteLocator - Loaded RoutePredicateFactory [XForwardedRemoteAddr]
2025-04-16 23:23:50.130 INFO  admin    60391 [restartedMain] org.springframework.cloud.gateway.route.RouteDefinitionRouteLocator - Loaded RoutePredicateFactory [Weight]
2025-04-16 23:23:50.130 INFO  admin    60391 [restartedMain] org.springframework.cloud.gateway.route.RouteDefinitionRouteLocator - Loaded RoutePredicateFactory [CloudFoundryRouteService]
2025-04-16 23:23:50.153 INFO  admin    60414 [restartedMain] org.springframework.boot.autoconfigure.security.reactive.ReactiveUserDetailsServiceAutoConfiguration - 

Using generated security password: 7cb4c1f0-344e-42af-84bc-bc9fdbe0dea7

2025-04-16 23:23:50.191 WARN  admin    60452 [restartedMain] org.springframework.boot.devtools.autoconfigure.OptionalLiveReloadServer - Unable to start LiveReload server
2025-04-16 23:23:50.225 INFO  admin    60486 [restartedMain] org.springframework.boot.web.embedded.netty.NettyWebServer - Netty started on port 8080
2025-04-16 23:23:50.230 INFO  admin    60491 [restartedMain] com.fds.flex.app.admin.Application - Started Application in 0.48 seconds (process running for 60.65)
2025-04-16 23:23:50.240 INFO  admin    60501 [restartedMain] org.springframework.boot.devtools.autoconfigure.ConditionEvaluationDeltaLoggingListener - Condition evaluation unchanged
2025-04-16 23:25:56.146 INFO  admin    186407 [File Watcher] org.springframework.boot.devtools.autoconfigure.LocalDevToolsAutoConfiguration$RestartingClassPathChangeChangedEventListener - Restarting due to 77 class path changes (0 additions, 0 deletions, 77 modifications)
2025-04-16 23:25:56.260 INFO  admin    186521 [restartedMain] com.fds.flex.app.admin.Application - Starting Application using Java 21.0.2 with PID 21796 (D:\Work\Projects\java\springboot\portal\portal32\target\classes started by trungnt in D:\Work\Projects\java\springboot\portal\portal32)
2025-04-16 23:25:56.260 DEBUG admin    186521 [restartedMain] com.fds.flex.app.admin.Application - Running with Spring Boot v3.2.5, Spring v6.1.6
2025-04-16 23:25:56.260 INFO  admin    186521 [restartedMain] com.fds.flex.app.admin.Application - The following 1 profile is active: "admin"
2025-04-16 23:25:56.394 INFO  admin    186655 [restartedMain] org.springframework.data.repository.config.RepositoryConfigurationDelegate - Multiple Spring Data modules found, entering strict repository configuration mode
2025-04-16 23:25:56.394 INFO  admin    186655 [restartedMain] org.springframework.data.repository.config.RepositoryConfigurationDelegate - Bootstrapping Spring Data Redis repositories in DEFAULT mode.
2025-04-16 23:25:56.394 INFO  admin    186655 [restartedMain] org.springframework.data.repository.config.RepositoryConfigurationDelegate - Finished Spring Data repository scanning in 1 ms. Found 0 Redis repository interfaces.
2025-04-16 23:25:56.431 INFO  admin    186692 [restartedMain] org.springframework.cloud.context.scope.GenericScope - BeanFactory id=e844c084-6a87-3d01-a88d-8f5ecafc2084
2025-04-16 23:25:56.560 INFO  admin    186821 [restartedMain] org.springframework.cloud.gateway.route.RouteDefinitionRouteLocator - Loaded RoutePredicateFactory [After]
2025-04-16 23:25:56.560 INFO  admin    186821 [restartedMain] org.springframework.cloud.gateway.route.RouteDefinitionRouteLocator - Loaded RoutePredicateFactory [Before]
2025-04-16 23:25:56.560 INFO  admin    186821 [restartedMain] org.springframework.cloud.gateway.route.RouteDefinitionRouteLocator - Loaded RoutePredicateFactory [Between]
2025-04-16 23:25:56.560 INFO  admin    186821 [restartedMain] org.springframework.cloud.gateway.route.RouteDefinitionRouteLocator - Loaded RoutePredicateFactory [Cookie]
2025-04-16 23:25:56.570 INFO  admin    186831 [restartedMain] org.springframework.cloud.gateway.route.RouteDefinitionRouteLocator - Loaded RoutePredicateFactory [Header]
2025-04-16 23:25:56.570 INFO  admin    186831 [restartedMain] org.springframework.cloud.gateway.route.RouteDefinitionRouteLocator - Loaded RoutePredicateFactory [Host]
2025-04-16 23:25:56.570 INFO  admin    186831 [restartedMain] org.springframework.cloud.gateway.route.RouteDefinitionRouteLocator - Loaded RoutePredicateFactory [Method]
2025-04-16 23:25:56.570 INFO  admin    186831 [restartedMain] org.springframework.cloud.gateway.route.RouteDefinitionRouteLocator - Loaded RoutePredicateFactory [Path]
2025-04-16 23:25:56.570 INFO  admin    186831 [restartedMain] org.springframework.cloud.gateway.route.RouteDefinitionRouteLocator - Loaded RoutePredicateFactory [Query]
2025-04-16 23:25:56.570 INFO  admin    186831 [restartedMain] org.springframework.cloud.gateway.route.RouteDefinitionRouteLocator - Loaded RoutePredicateFactory [ReadBody]
2025-04-16 23:25:56.570 INFO  admin    186831 [restartedMain] org.springframework.cloud.gateway.route.RouteDefinitionRouteLocator - Loaded RoutePredicateFactory [RemoteAddr]
2025-04-16 23:25:56.570 INFO  admin    186831 [restartedMain] org.springframework.cloud.gateway.route.RouteDefinitionRouteLocator - Loaded RoutePredicateFactory [XForwardedRemoteAddr]
2025-04-16 23:25:56.570 INFO  admin    186831 [restartedMain] org.springframework.cloud.gateway.route.RouteDefinitionRouteLocator - Loaded RoutePredicateFactory [Weight]
2025-04-16 23:25:56.570 INFO  admin    186831 [restartedMain] org.springframework.cloud.gateway.route.RouteDefinitionRouteLocator - Loaded RoutePredicateFactory [CloudFoundryRouteService]
2025-04-16 23:25:56.590 INFO  admin    186851 [restartedMain] org.springframework.boot.autoconfigure.security.reactive.ReactiveUserDetailsServiceAutoConfiguration - 

Using generated security password: 85247268-ff12-4db6-9c87-34a815a468f4

2025-04-16 23:25:56.626 WARN  admin    186887 [restartedMain] org.springframework.boot.devtools.autoconfigure.OptionalLiveReloadServer - Unable to start LiveReload server
2025-04-16 23:25:56.650 INFO  admin    186911 [restartedMain] org.springframework.boot.web.embedded.netty.NettyWebServer - Netty started on port 8080
2025-04-16 23:25:56.670 INFO  admin    186931 [restartedMain] com.fds.flex.app.admin.Application - Started Application in 0.459 seconds (process running for 187.086)
2025-04-16 23:25:56.670 INFO  admin    186931 [restartedMain] org.springframework.boot.devtools.autoconfigure.ConditionEvaluationDeltaLoggingListener - Condition evaluation unchanged
